<?xml version="1.0" encoding="UTF-8"?>
<test>
  <error projectname="regadb-ui" exception="Compile failed; see the compiler error output for details." />
</test>

